{"/home/rostislav/Desktop/covid-stats/src/apiSingleton.js": {"path":"/home/rostislav/Desktop/covid-stats/src/apiSingleton.js","statementMap":{},"fnMap":{},"branchMap":{},"s":{},"f":{},"b":{},"_coverageSchema":"1a1c01bbd47fc00a2c39e90264f33305004495a9","hash":"a2001c9ae572c28ce6521e604c73afa2622db119"}
,"/home/rostislav/Desktop/covid-stats/src/config.js": {"path":"/home/rostislav/Desktop/covid-stats/src/config.js","statementMap":{},"fnMap":{},"branchMap":{},"s":{},"f":{},"b":{},"_coverageSchema":"1a1c01bbd47fc00a2c39e90264f33305004495a9","hash":"f2180e69ca82ca93759fa58737ca38c85b5da366"}
,"/home/rostislav/Desktop/covid-stats/src/actions/countries.js": {"path":"/home/rostislav/Desktop/covid-stats/src/actions/countries.js","statementMap":{"0":{"start":{"line":7,"column":37},"end":{"line":7,"column":76}},"1":{"start":{"line":8,"column":37},"end":{"line":8,"column":76}},"2":{"start":{"line":9,"column":37},"end":{"line":9,"column":76}},"3":{"start":{"line":12,"column":4},"end":{"line":24,"column":5}},"4":{"start":{"line":13,"column":8},"end":{"line":23,"column":9}},"5":{"start":{"line":14,"column":12},"end":{"line":14,"column":46}},"6":{"start":{"line":16,"column":25},"end":{"line":16,"column":51}},"7":{"start":{"line":18,"column":12},"end":{"line":18,"column":46}},"8":{"start":{"line":20,"column":12},"end":{"line":20,"column":37}},"9":{"start":{"line":22,"column":12},"end":{"line":22,"column":46}}},"fnMap":{"0":{"name":"fetchCountries","decl":{"start":{"line":11,"column":16},"end":{"line":11,"column":30}},"loc":{"start":{"line":11,"column":33},"end":{"line":25,"column":1}},"line":11},"1":{"name":"(anonymous_1)","decl":{"start":{"line":12,"column":11},"end":{"line":12,"column":12}},"loc":{"start":{"line":12,"column":29},"end":{"line":24,"column":5}},"line":12}},"branchMap":{},"s":{"0":1,"1":1,"2":1,"3":2,"4":0,"5":0,"6":0,"7":0,"8":0,"9":0},"f":{"0":2,"1":0},"b":{},"_coverageSchema":"1a1c01bbd47fc00a2c39e90264f33305004495a9","hash":"1391496dfa8f1423b2ec3bf75ed88906f26ed583"}
,"/home/rostislav/Desktop/covid-stats/src/actions/filters.js": {"path":"/home/rostislav/Desktop/covid-stats/src/actions/filters.js","statementMap":{"0":{"start":{"line":3,"column":32},"end":{"line":3,"column":66}},"1":{"start":{"line":4,"column":32},"end":{"line":4,"column":66}},"2":{"start":{"line":5,"column":35},"end":{"line":5,"column":72}}},"fnMap":{},"branchMap":{},"s":{"0":3,"1":3,"2":3},"f":{},"b":{},"_coverageSchema":"1a1c01bbd47fc00a2c39e90264f33305004495a9","hash":"6245699d1a6ecfbb7585c9e7465441fc0b33c723"}
,"/home/rostislav/Desktop/covid-stats/src/actions/live.js": {"path":"/home/rostislav/Desktop/covid-stats/src/actions/live.js","statementMap":{"0":{"start":{"line":5,"column":32},"end":{"line":5,"column":66}},"1":{"start":{"line":6,"column":32},"end":{"line":6,"column":66}},"2":{"start":{"line":7,"column":32},"end":{"line":7,"column":66}},"3":{"start":{"line":10,"column":4},"end":{"line":21,"column":5}},"4":{"start":{"line":11,"column":8},"end":{"line":20,"column":9}},"5":{"start":{"line":12,"column":12},"end":{"line":12,"column":41}},"6":{"start":{"line":14,"column":25},"end":{"line":14,"column":67}},"7":{"start":{"line":16,"column":12},"end":{"line":16,"column":45}},"8":{"start":{"line":18,"column":12},"end":{"line":18,"column":39}},"9":{"start":{"line":19,"column":12},"end":{"line":19,"column":29}}},"fnMap":{"0":{"name":"fetchLive","decl":{"start":{"line":9,"column":16},"end":{"line":9,"column":25}},"loc":{"start":{"line":9,"column":49},"end":{"line":22,"column":1}},"line":9},"1":{"name":"(anonymous_1)","decl":{"start":{"line":10,"column":11},"end":{"line":10,"column":12}},"loc":{"start":{"line":10,"column":29},"end":{"line":21,"column":5}},"line":10}},"branchMap":{},"s":{"0":2,"1":2,"2":2,"3":0,"4":0,"5":0,"6":0,"7":0,"8":0,"9":0},"f":{"0":0,"1":0},"b":{},"_coverageSchema":"1a1c01bbd47fc00a2c39e90264f33305004495a9","hash":"7bd8ef678fcf120e2311ea5ba0b7c284705be64f"}
,"/home/rostislav/Desktop/covid-stats/src/actions/view.js": {"path":"/home/rostislav/Desktop/covid-stats/src/actions/view.js","statementMap":{"0":{"start":{"line":3,"column":26},"end":{"line":3,"column":53}},"1":{"start":{"line":4,"column":30},"end":{"line":4,"column":61}}},"fnMap":{},"branchMap":{},"s":{"0":1,"1":1},"f":{},"b":{},"_coverageSchema":"1a1c01bbd47fc00a2c39e90264f33305004495a9","hash":"af760cde54f8824a2135721f300cf6fbcca83263"}
,"/home/rostislav/Desktop/covid-stats/src/actions/world.js": {"path":"/home/rostislav/Desktop/covid-stats/src/actions/world.js","statementMap":{"0":{"start":{"line":5,"column":33},"end":{"line":5,"column":68}},"1":{"start":{"line":6,"column":33},"end":{"line":6,"column":68}},"2":{"start":{"line":7,"column":33},"end":{"line":7,"column":68}},"3":{"start":{"line":10,"column":4},"end":{"line":21,"column":5}},"4":{"start":{"line":11,"column":8},"end":{"line":20,"column":9}},"5":{"start":{"line":12,"column":12},"end":{"line":12,"column":42}},"6":{"start":{"line":14,"column":25},"end":{"line":14,"column":53}},"7":{"start":{"line":16,"column":12},"end":{"line":16,"column":46}},"8":{"start":{"line":18,"column":12},"end":{"line":18,"column":42}},"9":{"start":{"line":19,"column":12},"end":{"line":19,"column":29}}},"fnMap":{"0":{"name":"fetchWorld","decl":{"start":{"line":9,"column":16},"end":{"line":9,"column":26}},"loc":{"start":{"line":9,"column":35},"end":{"line":22,"column":1}},"line":9},"1":{"name":"(anonymous_1)","decl":{"start":{"line":10,"column":11},"end":{"line":10,"column":12}},"loc":{"start":{"line":10,"column":29},"end":{"line":21,"column":5}},"line":10}},"branchMap":{},"s":{"0":2,"1":2,"2":2,"3":2,"4":0,"5":0,"6":0,"7":0,"8":0,"9":0},"f":{"0":2,"1":0},"b":{},"_coverageSchema":"1a1c01bbd47fc00a2c39e90264f33305004495a9","hash":"f105374d9ccf4b7edbb8bc388e26e2923b73f2ec"}
,"/home/rostislav/Desktop/covid-stats/src/api/ApiClient.js": {"path":"/home/rostislav/Desktop/covid-stats/src/api/ApiClient.js","statementMap":{"0":{"start":{"line":4,"column":8},"end":{"line":4,"column":23}},"1":{"start":{"line":8,"column":29},"end":{"line":8,"column":30}},"2":{"start":{"line":10,"column":8},"end":{"line":14,"column":25}},"3":{"start":{"line":18,"column":22},"end":{"line":20,"column":16}},"4":{"start":{"line":22,"column":8},"end":{"line":47,"column":9}},"5":{"start":{"line":23,"column":29},"end":{"line":35,"column":13}},"6":{"start":{"line":37,"column":25},"end":{"line":37,"column":46}},"7":{"start":{"line":39,"column":12},"end":{"line":41,"column":13}},"8":{"start":{"line":40,"column":16},"end":{"line":40,"column":27}},"9":{"start":{"line":43,"column":12},"end":{"line":43,"column":24}},"10":{"start":{"line":45,"column":12},"end":{"line":45,"column":51}},"11":{"start":{"line":46,"column":12},"end":{"line":46,"column":24}},"12":{"start":{"line":51,"column":23},"end":{"line":51,"column":27}},"13":{"start":{"line":53,"column":20},"end":{"line":53,"column":24}},"14":{"start":{"line":55,"column":24},"end":{"line":55,"column":25}},"15":{"start":{"line":57,"column":8},"end":{"line":68,"column":9}},"16":{"start":{"line":58,"column":12},"end":{"line":66,"column":13}},"17":{"start":{"line":59,"column":16},"end":{"line":59,"column":61}},"18":{"start":{"line":60,"column":16},"end":{"line":60,"column":29}},"19":{"start":{"line":61,"column":16},"end":{"line":61,"column":41}},"20":{"start":{"line":63,"column":16},"end":{"line":63,"column":53}},"21":{"start":{"line":65,"column":16},"end":{"line":65,"column":44}},"22":{"start":{"line":67,"column":12},"end":{"line":67,"column":27}},"23":{"start":{"line":70,"column":8},"end":{"line":70,"column":42}},"24":{"start":{"line":70,"column":19},"end":{"line":70,"column":42}},"25":{"start":{"line":72,"column":8},"end":{"line":72,"column":24}}},"fnMap":{"0":{"name":"(anonymous_0)","decl":{"start":{"line":3,"column":4},"end":{"line":3,"column":5}},"loc":{"start":{"line":3,"column":30},"end":{"line":5,"column":5}},"line":3},"1":{"name":"(anonymous_1)","decl":{"start":{"line":7,"column":4},"end":{"line":7,"column":5}},"loc":{"start":{"line":7,"column":27},"end":{"line":15,"column":5}},"line":7},"2":{"name":"(anonymous_2)","decl":{"start":{"line":17,"column":4},"end":{"line":17,"column":5}},"loc":{"start":{"line":17,"column":48},"end":{"line":48,"column":5}},"line":17},"3":{"name":"(anonymous_3)","decl":{"start":{"line":50,"column":4},"end":{"line":50,"column":5}},"loc":{"start":{"line":50,"column":70},"end":{"line":73,"column":5}},"line":50}},"branchMap":{"0":{"loc":{"start":{"line":3,"column":16},"end":{"line":3,"column":28}},"type":"default-arg","locations":[{"start":{"line":3,"column":26},"end":{"line":3,"column":28}}],"line":3},"1":{"loc":{"start":{"line":17,"column":33},"end":{"line":17,"column":44}},"type":"default-arg","locations":[{"start":{"line":17,"column":42},"end":{"line":17,"column":44}}],"line":17},"2":{"loc":{"start":{"line":18,"column":22},"end":{"line":20,"column":16}},"type":"cond-expr","locations":[{"start":{"line":19,"column":14},"end":{"line":19,"column":49}},{"start":{"line":20,"column":14},"end":{"line":20,"column":16}}],"line":18},"3":{"loc":{"start":{"line":39,"column":12},"end":{"line":41,"column":13}},"type":"if","locations":[{"start":{"line":39,"column":12},"end":{"line":41,"column":13}},{"start":{"line":39,"column":12},"end":{"line":41,"column":13}}],"line":39},"4":{"loc":{"start":{"line":50,"column":52},"end":{"line":50,"column":68}},"type":"default-arg","locations":[{"start":{"line":50,"column":67},"end":{"line":50,"column":68}}],"line":50},"5":{"loc":{"start":{"line":65,"column":24},"end":{"line":65,"column":43}},"type":"binary-expr","locations":[{"start":{"line":65,"column":24},"end":{"line":65,"column":27}},{"start":{"line":65,"column":31},"end":{"line":65,"column":43}}],"line":65},"6":{"loc":{"start":{"line":70,"column":8},"end":{"line":70,"column":42}},"type":"if","locations":[{"start":{"line":70,"column":8},"end":{"line":70,"column":42}},{"start":{"line":70,"column":8},"end":{"line":70,"column":42}}],"line":70}},"s":{"0":5,"1":0,"2":0,"3":0,"4":0,"5":0,"6":0,"7":0,"8":0,"9":0,"10":0,"11":0,"12":0,"13":0,"14":0,"15":0,"16":0,"17":0,"18":0,"19":0,"20":0,"21":0,"22":0,"23":0,"24":0,"25":0},"f":{"0":5,"1":0,"2":0,"3":0},"b":{"0":[0],"1":[0],"2":[0,0],"3":[0,0],"4":[0],"5":[0,0],"6":[0,0]},"_coverageSchema":"1a1c01bbd47fc00a2c39e90264f33305004495a9","hash":"f73f6066e247ae9aac001aa310f26e4ab394ef01"}
,"/home/rostislav/Desktop/covid-stats/src/api/Base.js": {"path":"/home/rostislav/Desktop/covid-stats/src/api/Base.js","statementMap":{"0":{"start":{"line":3,"column":8},"end":{"line":3,"column":64}},"1":{"start":{"line":3,"column":24},"end":{"line":3,"column":64}},"2":{"start":{"line":4,"column":8},"end":{"line":4,"column":35}}},"fnMap":{"0":{"name":"(anonymous_0)","decl":{"start":{"line":2,"column":4},"end":{"line":2,"column":5}},"loc":{"start":{"line":2,"column":31},"end":{"line":5,"column":5}},"line":2}},"branchMap":{"0":{"loc":{"start":{"line":3,"column":8},"end":{"line":3,"column":64}},"type":"if","locations":[{"start":{"line":3,"column":8},"end":{"line":3,"column":64}},{"start":{"line":3,"column":8},"end":{"line":3,"column":64}}],"line":3}},"s":{"0":15,"1":0,"2":15},"f":{"0":15},"b":{"0":[0,15]},"_coverageSchema":"1a1c01bbd47fc00a2c39e90264f33305004495a9","hash":"324101a21dd9e35eb42340bbe209401e2e5c4acd"}
,"/home/rostislav/Desktop/covid-stats/src/api/Countries.js": {"path":"/home/rostislav/Desktop/covid-stats/src/api/Countries.js","statementMap":{"0":{"start":{"line":5,"column":8},"end":{"line":5,"column":47}}},"fnMap":{"0":{"name":"(anonymous_0)","decl":{"start":{"line":4,"column":4},"end":{"line":4,"column":5}},"loc":{"start":{"line":4,"column":11},"end":{"line":6,"column":5}},"line":4}},"branchMap":{},"s":{"0":0},"f":{"0":0},"b":{},"_coverageSchema":"1a1c01bbd47fc00a2c39e90264f33305004495a9","hash":"e5e7d41b360133c1e9622c8101e82f590b782745"}
,"/home/rostislav/Desktop/covid-stats/src/api/Live.js": {"path":"/home/rostislav/Desktop/covid-stats/src/api/Live.js","statementMap":{"0":{"start":{"line":5,"column":38},"end":{"line":5,"column":42}},"1":{"start":{"line":7,"column":8},"end":{"line":7,"column":95}}},"fnMap":{"0":{"name":"(anonymous_0)","decl":{"start":{"line":4,"column":4},"end":{"line":4,"column":5}},"loc":{"start":{"line":4,"column":15},"end":{"line":8,"column":5}},"line":4}},"branchMap":{},"s":{"0":0,"1":0},"f":{"0":0},"b":{},"_coverageSchema":"1a1c01bbd47fc00a2c39e90264f33305004495a9","hash":"56d18b7d3b122183c7c902188514923c42b5c69f"}
,"/home/rostislav/Desktop/covid-stats/src/api/World.js": {"path":"/home/rostislav/Desktop/covid-stats/src/api/World.js","statementMap":{"0":{"start":{"line":5,"column":8},"end":{"line":5,"column":58}}},"fnMap":{"0":{"name":"(anonymous_0)","decl":{"start":{"line":4,"column":4},"end":{"line":4,"column":5}},"loc":{"start":{"line":4,"column":17},"end":{"line":6,"column":5}},"line":4}},"branchMap":{},"s":{"0":0},"f":{"0":0},"b":{},"_coverageSchema":"1a1c01bbd47fc00a2c39e90264f33305004495a9","hash":"42092d453834a5f83eb6053fe11f567a2ad18020"}
,"/home/rostislav/Desktop/covid-stats/src/api/index.js": {"path":"/home/rostislav/Desktop/covid-stats/src/api/index.js","statementMap":{"0":{"start":{"line":7,"column":16},"end":{"line":7,"column":38}},"1":{"start":{"line":9,"column":4},"end":{"line":14,"column":6}}},"fnMap":{"0":{"name":"(anonymous_0)","decl":{"start":{"line":6,"column":15},"end":{"line":6,"column":16}},"loc":{"start":{"line":6,"column":38},"end":{"line":15,"column":1}},"line":6}},"branchMap":{"0":{"loc":{"start":{"line":6,"column":24},"end":{"line":6,"column":36}},"type":"default-arg","locations":[{"start":{"line":6,"column":34},"end":{"line":6,"column":36}}],"line":6}},"s":{"0":5,"1":5},"f":{"0":5},"b":{"0":[0]},"_coverageSchema":"1a1c01bbd47fc00a2c39e90264f33305004495a9","hash":"9717c8a1f49c3fbba33cba87435cd047a0e1df3f"}
,"/home/rostislav/Desktop/covid-stats/src/components/containers/Loader/Loader.js": {"path":"/home/rostislav/Desktop/covid-stats/src/components/containers/Loader/Loader.js","statementMap":{"0":{"start":{"line":7,"column":11},"end":{"line":7,"column":34}},"1":{"start":{"line":10,"column":41},"end":{"line":10,"column":46}},"2":{"start":{"line":11,"column":21},"end":{"line":11,"column":54}},"3":{"start":{"line":13,"column":4},"end":{"line":21,"column":6}},"4":{"start":{"line":24,"column":0},"end":{"line":28,"column":2}},"5":{"start":{"line":30,"column":0},"end":{"line":34,"column":2}}},"fnMap":{"0":{"name":"Loader","decl":{"start":{"line":9,"column":24},"end":{"line":9,"column":30}},"loc":{"start":{"line":9,"column":38},"end":{"line":22,"column":1}},"line":9}},"branchMap":{},"s":{"0":1,"1":3,"2":3,"3":3,"4":1,"5":1},"f":{"0":3},"b":{},"_coverageSchema":"1a1c01bbd47fc00a2c39e90264f33305004495a9","hash":"795cfb188588413dcc0cc1dc926713d525d46229"}
,"/home/rostislav/Desktop/covid-stats/src/components/pages/GlobalStatsPage/GlobalStatsPage.js": {"path":"/home/rostislav/Desktop/covid-stats/src/components/pages/GlobalStatsPage/GlobalStatsPage.js","statementMap":{"0":{"start":{"line":20,"column":21},"end":{"line":20,"column":34}},"1":{"start":{"line":21,"column":26},"end":{"line":21,"column":50}},"2":{"start":{"line":22,"column":24},"end":{"line":22,"column":46}},"3":{"start":{"line":23,"column":22},"end":{"line":23,"column":42}},"4":{"start":{"line":24,"column":22},"end":{"line":24,"column":58}},"5":{"start":{"line":26,"column":4},"end":{"line":28,"column":11}},"6":{"start":{"line":27,"column":8},"end":{"line":27,"column":71}},"7":{"start":{"line":30,"column":29},"end":{"line":41,"column":5}},"8":{"start":{"line":31,"column":8},"end":{"line":31,"column":50}},"9":{"start":{"line":33,"column":8},"end":{"line":40,"column":9}},"10":{"start":{"line":35,"column":16},"end":{"line":35,"column":78}},"11":{"start":{"line":37,"column":16},"end":{"line":37,"column":80}},"12":{"start":{"line":39,"column":16},"end":{"line":39,"column":22}},"13":{"start":{"line":42,"column":31},"end":{"line":42,"column":73}},"14":{"start":{"line":42,"column":40},"end":{"line":42,"column":73}},"15":{"start":{"line":44,"column":26},"end":{"line":77,"column":5}},"16":{"start":{"line":45,"column":8},"end":{"line":76,"column":14}},"17":{"start":{"line":79,"column":24},"end":{"line":99,"column":5}},"18":{"start":{"line":80,"column":21},"end":{"line":80,"column":50}},"19":{"start":{"line":81,"column":21},"end":{"line":81,"column":65}},"20":{"start":{"line":82,"column":19},"end":{"line":82,"column":61}},"21":{"start":{"line":84,"column":8},"end":{"line":98,"column":9}},"22":{"start":{"line":101,"column":4},"end":{"line":111,"column":5}}},"fnMap":{"0":{"name":"GlobalStatsPage","decl":{"start":{"line":19,"column":24},"end":{"line":19,"column":39}},"loc":{"start":{"line":19,"column":42},"end":{"line":112,"column":1}},"line":19},"1":{"name":"(anonymous_1)","decl":{"start":{"line":26,"column":14},"end":{"line":26,"column":15}},"loc":{"start":{"line":26,"column":20},"end":{"line":28,"column":5}},"line":26},"2":{"name":"(anonymous_2)","decl":{"start":{"line":30,"column":29},"end":{"line":30,"column":30}},"loc":{"start":{"line":30,"column":44},"end":{"line":41,"column":5}},"line":30},"3":{"name":"(anonymous_3)","decl":{"start":{"line":42,"column":31},"end":{"line":42,"column":32}},"loc":{"start":{"line":42,"column":40},"end":{"line":42,"column":73}},"line":42},"4":{"name":"(anonymous_4)","decl":{"start":{"line":44,"column":26},"end":{"line":44,"column":27}},"loc":{"start":{"line":45,"column":8},"end":{"line":76,"column":14}},"line":45},"5":{"name":"(anonymous_5)","decl":{"start":{"line":79,"column":24},"end":{"line":79,"column":25}},"loc":{"start":{"line":79,"column":30},"end":{"line":99,"column":5}},"line":79}},"branchMap":{"0":{"loc":{"start":{"line":33,"column":8},"end":{"line":40,"column":9}},"type":"switch","locations":[{"start":{"line":34,"column":12},"end":{"line":35,"column":78}},{"start":{"line":36,"column":12},"end":{"line":37,"column":80}},{"start":{"line":38,"column":12},"end":{"line":39,"column":22}}],"line":33}},"s":{"0":0,"1":0,"2":0,"3":0,"4":0,"5":0,"6":0,"7":0,"8":0,"9":0,"10":0,"11":0,"12":0,"13":0,"14":0,"15":0,"16":0,"17":0,"18":0,"19":0,"20":0,"21":0,"22":0},"f":{"0":0,"1":0,"2":0,"3":0,"4":0,"5":0},"b":{"0":[0,0,0]},"_coverageSchema":"1a1c01bbd47fc00a2c39e90264f33305004495a9","hash":"96e97bef5f5af736371464b36baf5779453991db"}
,"/home/rostislav/Desktop/covid-stats/src/components/pages/LiveStatsPage/LiveStatsPage.js": {"path":"/home/rostislav/Desktop/covid-stats/src/components/pages/LiveStatsPage/LiveStatsPage.js","statementMap":{"0":{"start":{"line":20,"column":21},"end":{"line":20,"column":34}},"1":{"start":{"line":21,"column":25},"end":{"line":21,"column":48}},"2":{"start":{"line":22,"column":26},"end":{"line":22,"column":50}},"3":{"start":{"line":23,"column":22},"end":{"line":23,"column":42}},"4":{"start":{"line":24,"column":22},"end":{"line":24,"column":64}},"5":{"start":{"line":25,"column":26},"end":{"line":25,"column":45}},"6":{"start":{"line":27,"column":4},"end":{"line":29,"column":10}},"7":{"start":{"line":28,"column":8},"end":{"line":28,"column":79}},"8":{"start":{"line":31,"column":29},"end":{"line":34,"column":5}},"9":{"start":{"line":32,"column":8},"end":{"line":32,"column":50}},"10":{"start":{"line":33,"column":8},"end":{"line":33,"column":71}},"11":{"start":{"line":36,"column":29},"end":{"line":36,"column":71}},"12":{"start":{"line":36,"column":38},"end":{"line":36,"column":71}},"13":{"start":{"line":37,"column":32},"end":{"line":40,"column":5}},"14":{"start":{"line":38,"column":8},"end":{"line":38,"column":45}},"15":{"start":{"line":39,"column":8},"end":{"line":39,"column":72}},"16":{"start":{"line":42,"column":26},"end":{"line":75,"column":5}},"17":{"start":{"line":43,"column":8},"end":{"line":74,"column":14}},"18":{"start":{"line":77,"column":24},"end":{"line":95,"column":5}},"19":{"start":{"line":78,"column":21},"end":{"line":78,"column":50}},"20":{"start":{"line":80,"column":8},"end":{"line":94,"column":9}},"21":{"start":{"line":97,"column":4},"end":{"line":107,"column":5}}},"fnMap":{"0":{"name":"LiveStatsPage","decl":{"start":{"line":19,"column":24},"end":{"line":19,"column":37}},"loc":{"start":{"line":19,"column":40},"end":{"line":108,"column":1}},"line":19},"1":{"name":"(anonymous_1)","decl":{"start":{"line":27,"column":14},"end":{"line":27,"column":15}},"loc":{"start":{"line":27,"column":20},"end":{"line":29,"column":5}},"line":27},"2":{"name":"(anonymous_2)","decl":{"start":{"line":31,"column":29},"end":{"line":31,"column":30}},"loc":{"start":{"line":31,"column":44},"end":{"line":34,"column":5}},"line":31},"3":{"name":"(anonymous_3)","decl":{"start":{"line":36,"column":29},"end":{"line":36,"column":30}},"loc":{"start":{"line":36,"column":38},"end":{"line":36,"column":71}},"line":36},"4":{"name":"(anonymous_4)","decl":{"start":{"line":37,"column":32},"end":{"line":37,"column":33}},"loc":{"start":{"line":37,"column":41},"end":{"line":40,"column":5}},"line":37},"5":{"name":"(anonymous_5)","decl":{"start":{"line":42,"column":26},"end":{"line":42,"column":27}},"loc":{"start":{"line":43,"column":8},"end":{"line":74,"column":14}},"line":43},"6":{"name":"(anonymous_6)","decl":{"start":{"line":77,"column":24},"end":{"line":77,"column":25}},"loc":{"start":{"line":77,"column":30},"end":{"line":95,"column":5}},"line":77}},"branchMap":{},"s":{"0":0,"1":0,"2":0,"3":0,"4":0,"5":0,"6":0,"7":0,"8":0,"9":0,"10":0,"11":0,"12":0,"13":0,"14":0,"15":0,"16":0,"17":0,"18":0,"19":0,"20":0,"21":0},"f":{"0":0,"1":0,"2":0,"3":0,"4":0,"5":0,"6":0},"b":{},"_coverageSchema":"1a1c01bbd47fc00a2c39e90264f33305004495a9","hash":"65d32563185beae48fd78eb028f0ebec63326944"}
,"/home/rostislav/Desktop/covid-stats/src/components/ui/Card/Card.js": {"path":"/home/rostislav/Desktop/covid-stats/src/components/ui/Card/Card.js","statementMap":{"0":{"start":{"line":7,"column":32},"end":{"line":7,"column":37}},"1":{"start":{"line":9,"column":4},"end":{"line":16,"column":5}},"2":{"start":{"line":19,"column":0},"end":{"line":22,"column":2}},"3":{"start":{"line":24,"column":0},"end":{"line":27,"column":1}}},"fnMap":{"0":{"name":"Card","decl":{"start":{"line":6,"column":24},"end":{"line":6,"column":28}},"loc":{"start":{"line":6,"column":36},"end":{"line":17,"column":1}},"line":6}},"branchMap":{},"s":{"0":1,"1":1,"2":3,"3":3},"f":{"0":1},"b":{},"_coverageSchema":"1a1c01bbd47fc00a2c39e90264f33305004495a9","hash":"e3fe7e7260ff7ad0155fc6744811a623a7c3d289"}
,"/home/rostislav/Desktop/covid-stats/src/components/ui/Card/index.js": {"path":"/home/rostislav/Desktop/covid-stats/src/components/ui/Card/index.js","statementMap":{},"fnMap":{},"branchMap":{},"s":{},"f":{},"b":{},"_coverageSchema":"1a1c01bbd47fc00a2c39e90264f33305004495a9","hash":"6efc15183ce83569e679e1a4c774d50b3bcd17b9"}
,"/home/rostislav/Desktop/covid-stats/src/components/ui/Charts/AreaChart.js": {"path":"/home/rostislav/Desktop/covid-stats/src/components/ui/Charts/AreaChart.js","statementMap":{"0":{"start":{"line":9,"column":62},"end":{"line":9,"column":67}},"1":{"start":{"line":10,"column":28},"end":{"line":22,"column":7}},"2":{"start":{"line":11,"column":8},"end":{"line":21,"column":20}},"3":{"start":{"line":24,"column":6},"end":{"line":28,"column":7}},"4":{"start":{"line":31,"column":0},"end":{"line":37,"column":2}},"5":{"start":{"line":39,"column":0},"end":{"line":45,"column":2}}},"fnMap":{"0":{"name":"Chart","decl":{"start":{"line":8,"column":24},"end":{"line":8,"column":29}},"loc":{"start":{"line":8,"column":37},"end":{"line":29,"column":1}},"line":8},"1":{"name":"(anonymous_1)","decl":{"start":{"line":10,"column":28},"end":{"line":10,"column":29}},"loc":{"start":{"line":11,"column":8},"end":{"line":21,"column":20}},"line":11}},"branchMap":{},"s":{"0":1,"1":1,"2":1,"3":1,"4":3,"5":3},"f":{"0":1,"1":1},"b":{},"_coverageSchema":"1a1c01bbd47fc00a2c39e90264f33305004495a9","hash":"37775071c84e8c8a27b6947d042d49838bd98152"}
,"/home/rostislav/Desktop/covid-stats/src/components/ui/Charts/index.js": {"path":"/home/rostislav/Desktop/covid-stats/src/components/ui/Charts/index.js","statementMap":{},"fnMap":{},"branchMap":{},"s":{},"f":{},"b":{},"_coverageSchema":"1a1c01bbd47fc00a2c39e90264f33305004495a9","hash":"baebe74bcfab81d3efd9ea943d20850699eba0c4"}
,"/home/rostislav/Desktop/covid-stats/src/components/ui/Material/DatePicker/DatePicker.js": {"path":"/home/rostislav/Desktop/covid-stats/src/components/ui/Material/DatePicker/DatePicker.js","statementMap":{"0":{"start":{"line":13,"column":43},"end":{"line":13,"column":48}},"1":{"start":{"line":15,"column":29},"end":{"line":21,"column":5}},"2":{"start":{"line":16,"column":6},"end":{"line":16,"column":28}},"3":{"start":{"line":16,"column":21},"end":{"line":16,"column":28}},"4":{"start":{"line":18,"column":25},"end":{"line":18,"column":54}},"5":{"start":{"line":20,"column":6},"end":{"line":20,"column":31}},"6":{"start":{"line":23,"column":2},"end":{"line":41,"column":3}},"7":{"start":{"line":44,"column":0},"end":{"line":49,"column":2}},"8":{"start":{"line":51,"column":0},"end":{"line":56,"column":2}}},"fnMap":{"0":{"name":"DatePicker","decl":{"start":{"line":12,"column":24},"end":{"line":12,"column":34}},"loc":{"start":{"line":12,"column":42},"end":{"line":42,"column":1}},"line":12},"1":{"name":"(anonymous_1)","decl":{"start":{"line":15,"column":29},"end":{"line":15,"column":30}},"loc":{"start":{"line":15,"column":40},"end":{"line":21,"column":5}},"line":15}},"branchMap":{"0":{"loc":{"start":{"line":16,"column":6},"end":{"line":16,"column":28}},"type":"if","locations":[{"start":{"line":16,"column":6},"end":{"line":16,"column":28}},{"start":{"line":16,"column":6},"end":{"line":16,"column":28}}],"line":16}},"s":{"0":1,"1":1,"2":0,"3":0,"4":0,"5":0,"6":1,"7":3,"8":3},"f":{"0":1,"1":0},"b":{"0":[0,0]},"_coverageSchema":"1a1c01bbd47fc00a2c39e90264f33305004495a9","hash":"08006c01e2d3af3cb943657cbf63f8b3a0c289c3"}
,"/home/rostislav/Desktop/covid-stats/src/components/ui/Material/DatePicker/index.js": {"path":"/home/rostislav/Desktop/covid-stats/src/components/ui/Material/DatePicker/index.js","statementMap":{},"fnMap":{},"branchMap":{},"s":{},"f":{},"b":{},"_coverageSchema":"1a1c01bbd47fc00a2c39e90264f33305004495a9","hash":"fa1b6b5eb636dda5810950a10c6374b8db162834"}
,"/home/rostislav/Desktop/covid-stats/src/components/ui/Material/Select/Select.js": {"path":"/home/rostislav/Desktop/covid-stats/src/components/ui/Material/Select/Select.js","statementMap":{"0":{"start":{"line":11,"column":48},"end":{"line":11,"column":53}},"1":{"start":{"line":13,"column":25},"end":{"line":19,"column":5}},"2":{"start":{"line":14,"column":8},"end":{"line":14,"column":30}},"3":{"start":{"line":14,"column":23},"end":{"line":14,"column":30}},"4":{"start":{"line":16,"column":26},"end":{"line":16,"column":34}},"5":{"start":{"line":18,"column":8},"end":{"line":18,"column":23}},"6":{"start":{"line":21,"column":4},"end":{"line":40,"column":5}},"7":{"start":{"line":30,"column":24},"end":{"line":35,"column":35}},"8":{"start":{"line":43,"column":0},"end":{"line":49,"column":2}},"9":{"start":{"line":51,"column":0},"end":{"line":57,"column":2}}},"fnMap":{"0":{"name":"MaterialSelect","decl":{"start":{"line":10,"column":24},"end":{"line":10,"column":38}},"loc":{"start":{"line":10,"column":46},"end":{"line":41,"column":1}},"line":10},"1":{"name":"(anonymous_1)","decl":{"start":{"line":13,"column":25},"end":{"line":13,"column":26}},"loc":{"start":{"line":13,"column":32},"end":{"line":19,"column":5}},"line":13},"2":{"name":"(anonymous_2)","decl":{"start":{"line":29,"column":33},"end":{"line":29,"column":34}},"loc":{"start":{"line":30,"column":24},"end":{"line":35,"column":35}},"line":30}},"branchMap":{"0":{"loc":{"start":{"line":14,"column":8},"end":{"line":14,"column":30}},"type":"if","locations":[{"start":{"line":14,"column":8},"end":{"line":14,"column":30}},{"start":{"line":14,"column":8},"end":{"line":14,"column":30}}],"line":14}},"s":{"0":1,"1":1,"2":0,"3":0,"4":0,"5":0,"6":1,"7":0,"8":3,"9":3},"f":{"0":1,"1":0,"2":0},"b":{"0":[0,0]},"_coverageSchema":"1a1c01bbd47fc00a2c39e90264f33305004495a9","hash":"cf209ec2e28f9cb2578b43dc90f65f00c3d6fc49"}
,"/home/rostislav/Desktop/covid-stats/src/components/ui/Material/Select/index.js": {"path":"/home/rostislav/Desktop/covid-stats/src/components/ui/Material/Select/index.js","statementMap":{},"fnMap":{},"branchMap":{},"s":{},"f":{},"b":{},"_coverageSchema":"1a1c01bbd47fc00a2c39e90264f33305004495a9","hash":"99d0b4ed6157cd319d382ab904281c51eb4477e9"}
,"/home/rostislav/Desktop/covid-stats/src/constants/caseOptions.js": {"path":"/home/rostislav/Desktop/covid-stats/src/constants/caseOptions.js","statementMap":{"0":{"start":{"line":1,"column":28},"end":{"line":13,"column":3}}},"fnMap":{},"branchMap":{},"s":{"0":2},"f":{},"b":{},"_coverageSchema":"1a1c01bbd47fc00a2c39e90264f33305004495a9","hash":"2facda1ab32fa4ebf83246afeb07564f074a7463"}
,"/home/rostislav/Desktop/covid-stats/src/constants/chartFill.js": {"path":"/home/rostislav/Desktop/covid-stats/src/constants/chartFill.js","statementMap":{"0":{"start":{"line":1,"column":34},"end":{"line":5,"column":1}}},"fnMap":{},"branchMap":{},"s":{"0":2},"f":{},"b":{},"_coverageSchema":"1a1c01bbd47fc00a2c39e90264f33305004495a9","hash":"bf9404e282149e241fc3e8e54c7757a81377923a"}
,"/home/rostislav/Desktop/covid-stats/src/constants/keys.js": {"path":"/home/rostislav/Desktop/covid-stats/src/constants/keys.js","statementMap":{"0":{"start":{"line":1,"column":29},"end":{"line":1,"column":43}}},"fnMap":{},"branchMap":{},"s":{"0":2},"f":{},"b":{},"_coverageSchema":"1a1c01bbd47fc00a2c39e90264f33305004495a9","hash":"88afd84ca21eebc4fc6f99d62895c90b15b8aa59"}
,"/home/rostislav/Desktop/covid-stats/src/selectors/filters.js": {"path":"/home/rostislav/Desktop/covid-stats/src/selectors/filters.js","statementMap":{"0":{"start":{"line":1,"column":27},"end":{"line":1,"column":58}},"1":{"start":{"line":1,"column":36},"end":{"line":1,"column":58}},"2":{"start":{"line":2,"column":25},"end":{"line":2,"column":54}},"3":{"start":{"line":2,"column":34},"end":{"line":2,"column":54}},"4":{"start":{"line":3,"column":23},"end":{"line":3,"column":50}},"5":{"start":{"line":3,"column":32},"end":{"line":3,"column":50}},"6":{"start":{"line":4,"column":26},"end":{"line":4,"column":56}},"7":{"start":{"line":4,"column":35},"end":{"line":4,"column":56}}},"fnMap":{"0":{"name":"(anonymous_0)","decl":{"start":{"line":1,"column":27},"end":{"line":1,"column":28}},"loc":{"start":{"line":1,"column":36},"end":{"line":1,"column":58}},"line":1},"1":{"name":"(anonymous_1)","decl":{"start":{"line":2,"column":25},"end":{"line":2,"column":26}},"loc":{"start":{"line":2,"column":34},"end":{"line":2,"column":54}},"line":2},"2":{"name":"(anonymous_2)","decl":{"start":{"line":3,"column":23},"end":{"line":3,"column":24}},"loc":{"start":{"line":3,"column":32},"end":{"line":3,"column":50}},"line":3},"3":{"name":"(anonymous_3)","decl":{"start":{"line":4,"column":26},"end":{"line":4,"column":27}},"loc":{"start":{"line":4,"column":35},"end":{"line":4,"column":56}},"line":4}},"branchMap":{},"s":{"0":2,"1":0,"2":2,"3":0,"4":2,"5":0,"6":2,"7":0},"f":{"0":0,"1":0,"2":0,"3":0},"b":{},"_coverageSchema":"1a1c01bbd47fc00a2c39e90264f33305004495a9","hash":"a2356c271babee2628a1c46d055f74b2327b86a3"}
,"/home/rostislav/Desktop/covid-stats/src/selectors/live.js": {"path":"/home/rostislav/Desktop/covid-stats/src/selectors/live.js","statementMap":{"0":{"start":{"line":3,"column":34},"end":{"line":3,"column":109}},"1":{"start":{"line":3,"column":49},"end":{"line":3,"column":109}},"2":{"start":{"line":3,"column":58},"end":{"line":3,"column":109}}},"fnMap":{"0":{"name":"(anonymous_0)","decl":{"start":{"line":3,"column":34},"end":{"line":3,"column":35}},"loc":{"start":{"line":3,"column":49},"end":{"line":3,"column":109}},"line":3},"1":{"name":"(anonymous_1)","decl":{"start":{"line":3,"column":49},"end":{"line":3,"column":50}},"loc":{"start":{"line":3,"column":58},"end":{"line":3,"column":109}},"line":3}},"branchMap":{},"s":{"0":1,"1":0,"2":0},"f":{"0":0,"1":0},"b":{},"_coverageSchema":"1a1c01bbd47fc00a2c39e90264f33305004495a9","hash":"3a65081c9abf14d97b24f556f3d4a93dd6734267"}
,"/home/rostislav/Desktop/covid-stats/src/selectors/world.js": {"path":"/home/rostislav/Desktop/covid-stats/src/selectors/world.js","statementMap":{"0":{"start":{"line":3,"column":28},"end":{"line":3,"column":100}},"1":{"start":{"line":3,"column":43},"end":{"line":3,"column":100}},"2":{"start":{"line":3,"column":52},"end":{"line":3,"column":100}}},"fnMap":{"0":{"name":"(anonymous_0)","decl":{"start":{"line":3,"column":28},"end":{"line":3,"column":29}},"loc":{"start":{"line":3,"column":43},"end":{"line":3,"column":100}},"line":3},"1":{"name":"(anonymous_1)","decl":{"start":{"line":3,"column":43},"end":{"line":3,"column":44}},"loc":{"start":{"line":3,"column":52},"end":{"line":3,"column":100}},"line":3}},"branchMap":{},"s":{"0":1,"1":0,"2":0},"f":{"0":0,"1":0},"b":{},"_coverageSchema":"1a1c01bbd47fc00a2c39e90264f33305004495a9","hash":"b9a6c00e04affc5665385f5227ee5957f17cde07"}
,"/home/rostislav/Desktop/covid-stats/src/utils/charts.js": {"path":"/home/rostislav/Desktop/covid-stats/src/utils/charts.js","statementMap":{"0":{"start":{"line":3,"column":14},"end":{"line":7,"column":1}},"1":{"start":{"line":9,"column":25},"end":{"line":13,"column":1}},"2":{"start":{"line":15,"column":33},"end":{"line":23,"column":1}},"3":{"start":{"line":16,"column":19},"end":{"line":20,"column":7}},"4":{"start":{"line":16,"column":36},"end":{"line":20,"column":5}},"5":{"start":{"line":22,"column":4},"end":{"line":22,"column":18}},"6":{"start":{"line":25,"column":37},"end":{"line":30,"column":1}},"7":{"start":{"line":26,"column":4},"end":{"line":29,"column":7}},"8":{"start":{"line":26,"column":28},"end":{"line":29,"column":5}}},"fnMap":{"0":{"name":"(anonymous_0)","decl":{"start":{"line":15,"column":33},"end":{"line":15,"column":34}},"loc":{"start":{"line":15,"column":61},"end":{"line":23,"column":1}},"line":15},"1":{"name":"(anonymous_1)","decl":{"start":{"line":16,"column":28},"end":{"line":16,"column":29}},"loc":{"start":{"line":16,"column":36},"end":{"line":20,"column":5}},"line":16},"2":{"name":"(anonymous_2)","decl":{"start":{"line":25,"column":37},"end":{"line":25,"column":38}},"loc":{"start":{"line":25,"column":65},"end":{"line":30,"column":1}},"line":25},"3":{"name":"(anonymous_3)","decl":{"start":{"line":26,"column":20},"end":{"line":26,"column":21}},"loc":{"start":{"line":26,"column":28},"end":{"line":29,"column":5}},"line":26}},"branchMap":{"0":{"loc":{"start":{"line":15,"column":34},"end":{"line":15,"column":43}},"type":"default-arg","locations":[{"start":{"line":15,"column":41},"end":{"line":15,"column":43}}],"line":15},"1":{"loc":{"start":{"line":25,"column":38},"end":{"line":25,"column":47}},"type":"default-arg","locations":[{"start":{"line":25,"column":45},"end":{"line":25,"column":47}}],"line":25}},"s":{"0":2,"1":2,"2":2,"3":0,"4":0,"5":0,"6":2,"7":0,"8":0},"f":{"0":0,"1":0,"2":0,"3":0},"b":{"0":[0],"1":[0]},"_coverageSchema":"1a1c01bbd47fc00a2c39e90264f33305004495a9","hash":"7bf00d56c7227d6d59006e8900feebdaab7e6160"}
,"/home/rostislav/Desktop/covid-stats/src/utils/countries.js": {"path":"/home/rostislav/Desktop/covid-stats/src/utils/countries.js","statementMap":{"0":{"start":{"line":4,"column":33},"end":{"line":14,"column":1}},"1":{"start":{"line":5,"column":22},"end":{"line":5,"column":46}},"2":{"start":{"line":7,"column":4},"end":{"line":13,"column":8}},"3":{"start":{"line":8,"column":20},"end":{"line":8,"column":41}},"4":{"start":{"line":9,"column":17},"end":{"line":13,"column":5}}},"fnMap":{"0":{"name":"(anonymous_0)","decl":{"start":{"line":4,"column":33},"end":{"line":4,"column":34}},"loc":{"start":{"line":4,"column":39},"end":{"line":14,"column":1}},"line":4},"1":{"name":"(anonymous_1)","decl":{"start":{"line":8,"column":10},"end":{"line":8,"column":11}},"loc":{"start":{"line":8,"column":20},"end":{"line":8,"column":41}},"line":8},"2":{"name":"(anonymous_2)","decl":{"start":{"line":9,"column":9},"end":{"line":9,"column":10}},"loc":{"start":{"line":9,"column":17},"end":{"line":13,"column":5}},"line":9}},"branchMap":{"0":{"loc":{"start":{"line":5,"column":22},"end":{"line":5,"column":46}},"type":"binary-expr","locations":[{"start":{"line":5,"column":22},"end":{"line":5,"column":40}},{"start":{"line":5,"column":44},"end":{"line":5,"column":46}}],"line":5}},"s":{"0":1,"1":0,"2":0,"3":0,"4":0},"f":{"0":0,"1":0,"2":0},"b":{"0":[0,0]},"_coverageSchema":"1a1c01bbd47fc00a2c39e90264f33305004495a9","hash":"60aac81f38cff358dfcee381afb8f1cda024a39a"}
,"/home/rostislav/Desktop/covid-stats/src/utils/sessionStorage.js": {"path":"/home/rostislav/Desktop/covid-stats/src/utils/sessionStorage.js","statementMap":{"0":{"start":{"line":2,"column":4},"end":{"line":10,"column":5}},"1":{"start":{"line":3,"column":31},"end":{"line":3,"column":51}},"2":{"start":{"line":5,"column":8},"end":{"line":5,"column":52}},"3":{"start":{"line":7,"column":8},"end":{"line":7,"column":44}},"4":{"start":{"line":9,"column":8},"end":{"line":9,"column":20}},"5":{"start":{"line":14,"column":4},"end":{"line":23,"column":5}},"6":{"start":{"line":15,"column":21},"end":{"line":15,"column":48}},"7":{"start":{"line":16,"column":27},"end":{"line":16,"column":43}},"8":{"start":{"line":18,"column":8},"end":{"line":18,"column":26}},"9":{"start":{"line":20,"column":8},"end":{"line":20,"column":44}},"10":{"start":{"line":22,"column":8},"end":{"line":22,"column":20}}},"fnMap":{"0":{"name":"save","decl":{"start":{"line":1,"column":16},"end":{"line":1,"column":20}},"loc":{"start":{"line":1,"column":37},"end":{"line":11,"column":1}},"line":1},"1":{"name":"get","decl":{"start":{"line":13,"column":16},"end":{"line":13,"column":19}},"loc":{"start":{"line":13,"column":25},"end":{"line":24,"column":1}},"line":13}},"branchMap":{"0":{"loc":{"start":{"line":1,"column":26},"end":{"line":1,"column":35}},"type":"default-arg","locations":[{"start":{"line":1,"column":33},"end":{"line":1,"column":35}}],"line":1}},"s":{"0":0,"1":0,"2":0,"3":0,"4":0,"5":0,"6":0,"7":0,"8":0,"9":0,"10":0},"f":{"0":0,"1":0},"b":{"0":[0]},"_coverageSchema":"1a1c01bbd47fc00a2c39e90264f33305004495a9","hash":"539ebf3722192a920988a8a044ff3c2c096bbd36"}
}
