TN:
SF:src/apiSingleton.js
FNF:0
FNH:0
LF:0
LH:0
BRF:0
BRH:0
end_of_record
TN:
SF:src/config.js
FNF:0
FNH:0
LF:0
LH:0
BRF:0
BRH:0
end_of_record
TN:
SF:src/actions/countries.js
FN:11,fetchCountries
FN:12,(anonymous_1)
FNF:2
FNH:1
FNDA:2,fetchCountries
FNDA:0,(anonymous_1)
DA:7,1
DA:8,1
DA:9,1
DA:12,2
DA:13,0
DA:14,0
DA:16,0
DA:18,0
DA:20,0
DA:22,0
LF:10
LH:4
BRF:0
BRH:0
end_of_record
TN:
SF:src/actions/filters.js
FNF:0
FNH:0
DA:3,3
DA:4,3
DA:5,3
LF:3
LH:3
BRF:0
BRH:0
end_of_record
TN:
SF:src/actions/live.js
FN:9,fetchLive
FN:10,(anonymous_1)
FNF:2
FNH:0
FNDA:0,fetchLive
FNDA:0,(anonymous_1)
DA:5,2
DA:6,2
DA:7,2
DA:10,0
DA:11,0
DA:12,0
DA:14,0
DA:16,0
DA:18,0
DA:19,0
LF:10
LH:3
BRF:0
BRH:0
end_of_record
TN:
SF:src/actions/view.js
FNF:0
FNH:0
DA:3,1
DA:4,1
LF:2
LH:2
BRF:0
BRH:0
end_of_record
TN:
SF:src/actions/world.js
FN:9,fetchWorld
FN:10,(anonymous_1)
FNF:2
FNH:1
FNDA:2,fetchWorld
FNDA:0,(anonymous_1)
DA:5,2
DA:6,2
DA:7,2
DA:10,2
DA:11,0
DA:12,0
DA:14,0
DA:16,0
DA:18,0
DA:19,0
LF:10
LH:4
BRF:0
BRH:0
end_of_record
TN:
SF:src/api/ApiClient.js
FN:3,(anonymous_0)
FN:7,(anonymous_1)
FN:17,(anonymous_2)
FN:50,(anonymous_3)
FNF:4
FNH:1
FNDA:5,(anonymous_0)
FNDA:0,(anonymous_1)
FNDA:0,(anonymous_2)
FNDA:0,(anonymous_3)
DA:4,5
DA:8,0
DA:10,0
DA:18,0
DA:22,0
DA:23,0
DA:37,0
DA:39,0
DA:40,0
DA:43,0
DA:45,0
DA:46,0
DA:51,0
DA:53,0
DA:55,0
DA:57,0
DA:58,0
DA:59,0
DA:60,0
DA:61,0
DA:63,0
DA:65,0
DA:67,0
DA:70,0
DA:72,0
LF:25
LH:1
BRDA:3,0,0,0
BRDA:17,1,0,0
BRDA:18,2,0,0
BRDA:18,2,1,0
BRDA:39,3,0,0
BRDA:39,3,1,0
BRDA:50,4,0,0
BRDA:65,5,0,0
BRDA:65,5,1,0
BRDA:70,6,0,0
BRDA:70,6,1,0
BRF:11
BRH:0
end_of_record
TN:
SF:src/api/Base.js
FN:2,(anonymous_0)
FNF:1
FNH:1
FNDA:15,(anonymous_0)
DA:3,15
DA:4,15
LF:2
LH:2
BRDA:3,0,0,0
BRDA:3,0,1,15
BRF:2
BRH:1
end_of_record
TN:
SF:src/api/Countries.js
FN:4,(anonymous_0)
FNF:1
FNH:0
FNDA:0,(anonymous_0)
DA:5,0
LF:1
LH:0
BRF:0
BRH:0
end_of_record
TN:
SF:src/api/Live.js
FN:4,(anonymous_0)
FNF:1
FNH:0
FNDA:0,(anonymous_0)
DA:5,0
DA:7,0
LF:2
LH:0
BRF:0
BRH:0
end_of_record
TN:
SF:src/api/World.js
FN:4,(anonymous_0)
FNF:1
FNH:0
FNDA:0,(anonymous_0)
DA:5,0
LF:1
LH:0
BRF:0
BRH:0
end_of_record
TN:
SF:src/api/index.js
FN:6,(anonymous_0)
FNF:1
FNH:1
FNDA:5,(anonymous_0)
DA:7,5
DA:9,5
LF:2
LH:2
BRDA:6,0,0,0
BRF:1
BRH:0
end_of_record
TN:
SF:src/components/containers/Loader/Loader.js
FN:9,Loader
FNF:1
FNH:1
FNDA:3,Loader
DA:7,1
DA:10,3
DA:11,3
DA:13,3
DA:24,1
DA:30,1
LF:6
LH:6
BRF:0
BRH:0
end_of_record
TN:
SF:src/components/pages/GlobalStatsPage/GlobalStatsPage.js
FN:19,GlobalStatsPage
FN:26,(anonymous_1)
FN:30,(anonymous_2)
FN:42,(anonymous_3)
FN:44,(anonymous_4)
FN:79,(anonymous_5)
FNF:6
FNH:0
FNDA:0,GlobalStatsPage
FNDA:0,(anonymous_1)
FNDA:0,(anonymous_2)
FNDA:0,(anonymous_3)
FNDA:0,(anonymous_4)
FNDA:0,(anonymous_5)
DA:20,0
DA:21,0
DA:22,0
DA:23,0
DA:24,0
DA:26,0
DA:27,0
DA:30,0
DA:31,0
DA:33,0
DA:35,0
DA:37,0
DA:39,0
DA:42,0
DA:44,0
DA:45,0
DA:79,0
DA:80,0
DA:81,0
DA:82,0
DA:84,0
DA:101,0
LF:22
LH:0
BRDA:33,0,0,0
BRDA:33,0,1,0
BRDA:33,0,2,0
BRF:3
BRH:0
end_of_record
TN:
SF:src/components/pages/LiveStatsPage/LiveStatsPage.js
FN:19,LiveStatsPage
FN:27,(anonymous_1)
FN:31,(anonymous_2)
FN:36,(anonymous_3)
FN:37,(anonymous_4)
FN:42,(anonymous_5)
FN:77,(anonymous_6)
FNF:7
FNH:0
FNDA:0,LiveStatsPage
FNDA:0,(anonymous_1)
FNDA:0,(anonymous_2)
FNDA:0,(anonymous_3)
FNDA:0,(anonymous_4)
FNDA:0,(anonymous_5)
FNDA:0,(anonymous_6)
DA:20,0
DA:21,0
DA:22,0
DA:23,0
DA:24,0
DA:25,0
DA:27,0
DA:28,0
DA:31,0
DA:32,0
DA:33,0
DA:36,0
DA:37,0
DA:38,0
DA:39,0
DA:42,0
DA:43,0
DA:77,0
DA:78,0
DA:80,0
DA:97,0
LF:21
LH:0
BRF:0
BRH:0
end_of_record
TN:
SF:src/components/ui/Card/Card.js
FN:6,Card
FNF:1
FNH:1
FNDA:1,Card
DA:7,1
DA:9,1
DA:19,3
DA:24,3
LF:4
LH:4
BRF:0
BRH:0
end_of_record
TN:
SF:src/components/ui/Card/index.js
FNF:0
FNH:0
LF:0
LH:0
BRF:0
BRH:0
end_of_record
TN:
SF:src/components/ui/Charts/AreaChart.js
FN:8,Chart
FN:10,(anonymous_1)
FNF:2
FNH:2
FNDA:1,Chart
FNDA:1,(anonymous_1)
DA:9,1
DA:10,1
DA:11,1
DA:24,1
DA:31,3
DA:39,3
LF:6
LH:6
BRF:0
BRH:0
end_of_record
TN:
SF:src/components/ui/Charts/index.js
FNF:0
FNH:0
LF:0
LH:0
BRF:0
BRH:0
end_of_record
TN:
SF:src/components/ui/Material/DatePicker/DatePicker.js
FN:12,DatePicker
FN:15,(anonymous_1)
FNF:2
FNH:1
FNDA:1,DatePicker
FNDA:0,(anonymous_1)
DA:13,1
DA:15,1
DA:16,0
DA:18,0
DA:20,0
DA:23,1
DA:44,3
DA:51,3
LF:8
LH:5
BRDA:16,0,0,0
BRDA:16,0,1,0
BRF:2
BRH:0
end_of_record
TN:
SF:src/components/ui/Material/DatePicker/index.js
FNF:0
FNH:0
LF:0
LH:0
BRF:0
BRH:0
end_of_record
TN:
SF:src/components/ui/Material/Select/Select.js
FN:10,MaterialSelect
FN:13,(anonymous_1)
FN:29,(anonymous_2)
FNF:3
FNH:1
FNDA:1,MaterialSelect
FNDA:0,(anonymous_1)
FNDA:0,(anonymous_2)
DA:11,1
DA:13,1
DA:14,0
DA:16,0
DA:18,0
DA:21,1
DA:30,0
DA:43,3
DA:51,3
LF:9
LH:5
BRDA:14,0,0,0
BRDA:14,0,1,0
BRF:2
BRH:0
end_of_record
TN:
SF:src/components/ui/Material/Select/index.js
FNF:0
FNH:0
LF:0
LH:0
BRF:0
BRH:0
end_of_record
TN:
SF:src/constants/caseOptions.js
FNF:0
FNH:0
DA:1,2
LF:1
LH:1
BRF:0
BRH:0
end_of_record
TN:
SF:src/constants/chartFill.js
FNF:0
FNH:0
DA:1,2
LF:1
LH:1
BRF:0
BRH:0
end_of_record
TN:
SF:src/constants/keys.js
FNF:0
FNH:0
DA:1,2
LF:1
LH:1
BRF:0
BRH:0
end_of_record
TN:
SF:src/selectors/filters.js
FN:1,(anonymous_0)
FN:2,(anonymous_1)
FN:3,(anonymous_2)
FN:4,(anonymous_3)
FNF:4
FNH:0
FNDA:0,(anonymous_0)
FNDA:0,(anonymous_1)
FNDA:0,(anonymous_2)
FNDA:0,(anonymous_3)
DA:1,2
DA:2,2
DA:3,2
DA:4,2
LF:4
LH:4
BRF:0
BRH:0
end_of_record
TN:
SF:src/selectors/live.js
FN:3,(anonymous_0)
FN:3,(anonymous_1)
FNF:2
FNH:0
FNDA:0,(anonymous_0)
FNDA:0,(anonymous_1)
DA:3,1
LF:1
LH:1
BRF:0
BRH:0
end_of_record
TN:
SF:src/selectors/world.js
FN:3,(anonymous_0)
FN:3,(anonymous_1)
FNF:2
FNH:0
FNDA:0,(anonymous_0)
FNDA:0,(anonymous_1)
DA:3,1
LF:1
LH:1
BRF:0
BRH:0
end_of_record
TN:
SF:src/utils/charts.js
FN:15,(anonymous_0)
FN:16,(anonymous_1)
FN:25,(anonymous_2)
FN:26,(anonymous_3)
FNF:4
FNH:0
FNDA:0,(anonymous_0)
FNDA:0,(anonymous_1)
FNDA:0,(anonymous_2)
FNDA:0,(anonymous_3)
DA:3,2
DA:9,2
DA:15,2
DA:16,0
DA:22,0
DA:25,2
DA:26,0
LF:7
LH:4
BRDA:15,0,0,0
BRDA:25,1,0,0
BRF:2
BRH:0
end_of_record
TN:
SF:src/utils/countries.js
FN:4,(anonymous_0)
FN:8,(anonymous_1)
FN:9,(anonymous_2)
FNF:3
FNH:0
FNDA:0,(anonymous_0)
FNDA:0,(anonymous_1)
FNDA:0,(anonymous_2)
DA:4,1
DA:5,0
DA:7,0
DA:8,0
DA:9,0
LF:5
LH:1
BRDA:5,0,0,0
BRDA:5,0,1,0
BRF:2
BRH:0
end_of_record
TN:
SF:src/utils/sessionStorage.js
FN:1,save
FN:13,get
FNF:2
FNH:0
FNDA:0,save
FNDA:0,get
DA:2,0
DA:3,0
DA:5,0
DA:7,0
DA:9,0
DA:14,0
DA:15,0
DA:16,0
DA:18,0
DA:20,0
DA:22,0
LF:11
LH:0
BRDA:1,0,0,0
BRF:1
BRH:0
end_of_record
